<?xml version="1.0" encoding="UTF-8"?>
<!-- Generated by org.testng.reporters.JUnitXMLReporter -->
<testsuite hostname="DESKTOP-O18UQ4I" ignored="0" name="Test" tests="6" failures="0" timestamp="11 Nov 2021 19:43:35 GMT" time="35.368" errors="0">
  <testcase name="verifyTitleTest" time="0.015" classname="com.crm.qa.testcases.HomePageTest"/>
  <testcase name="clickOnHomeTest" time="0.88" classname="com.crm.qa.testcases.HomePageTest"/>
  <testcase name="clickOnCalenderTest" time="0.555" classname="com.crm.qa.testcases.HomePageTest"/>
  <testcase name="clickOnCompaniesTest" time="0.851" classname="com.crm.qa.testcases.HomePageTest"/>
  <testcase name="clickOnContactsTest" time="0.634" classname="com.crm.qa.testcases.HomePageTest"/>
  <testcase name="clickOnDealsTest" time="0.493" classname="com.crm.qa.testcases.HomePageTest"/>
</testsuite> <!-- Test -->
